Membuka halaman JobStreet IT...
Total job terdeteksi: 32. Diproses: 1 job.
Proses job 1/1 (job-id=90432244)
Job ID 90432244: klik kartu loker...
Job ID 90432244: skip, sudah pernah melamar -> 3,182 lowongan kerja it di Indonesia
Jobstreet
Cari lowongan
Cari profil
Sumber daya karir
Perusahaan
Komunitas
Bahasa
Untuk perusahaan
Pekerjaan apa?
Suggestions will appear below the field as you type
Tampilkan daftar klasifikasi.
Semua klasifikasi
Di mana?
Suggestions will appear below the field as you type
Cari
Tampilkan filter jenis pekerjaan.
Semua jenis pekerjaan
Tampilkan filter work arrangement.
Semua opsi jarak jauh
Tampilkan filter gaji minimum.
Gaji min. Rp 0
Tampilkan filter gaji maksimum.
Gaji maks. Rp 100 jt+
Tampilkan filter tanggal terdaftar.
Diposting kapan saja
Filter berdasarkan lokasi
Jakarta Pusat Jakarta Raya
Jakarta Selatan Jakarta Raya
Meulaboh Aceh
Bali
Surabaya Jawa Timur
Jakarta Raya
Baca Selengkapnya⁠
Pencarian terkait
⁠it support pekerjaan
⁠data analyst pekerjaan
⁠it manager pekerjaan
⁠web developer pekerjaan
⁠programmer pekerjaan
⁠admin pekerjaan
⁠network pekerjaan
⁠pt sumber mitra jaya pekerjaan
⁠software engineer pekerjaan
⁠it staff pekerjaan
⁠remote pekerjaan
3,182 pekerjaan
Baru untuk kamu
99+
Ubah pencarian saya
Listed more than two days ago
IT Staff
di
PT. Prodia Utama
Ini adalah lowongan kerja Full time
Jakarta Pusat, Jakarta Raya
The holding company of well-known health services companies in Indonesia
Scholarships for outstanding employees
Strategic office location in Jakarta
Provide daily IT support, troubleshoot hardware, software, network and server issues, assist system maintenance, documentation and vendor coordination
2 hari yang laluDilamar
Listed more than one day ago
IT Supervisor
di
Pengiklan Anonim
Baru untuk kamu
Ini adalah lowongan kerja Full time
Jakarta Selatan, Jakarta Raya
Proven experience supporting multi-site environments such as head office, and warehouse/distribution center. Experience handling IT projects
1 hari yang lalu
Listed more than five days ago
IT Coordinator Mining Site
di
DEA Global Niaga
Ini adalah lowongan kerja Kontrak
Meulaboh, Aceh
Peran Strategis di Site Tambang
Kesempatan memimpin tim teknis lapangan
Exposure infrastruktur IT & komunikasi skala operasional tambang
Mengelola operasional IT dan infrastruktur komunikasi site tambang, memimpin tim, serta memastikan keselamatan dan kelancaran operasional.
5 hari yang lalu
Listed more than eleven days ago
IT Support
di
PT Forin Transbuana Logistics
Baru untuk kamu
Ini adalah lowongan kerja Full time
Bali
PT Forin Transbuana Logistics mencari kandidat terbaik untuk posisi IT Support
11 hari yang lalu
Listed more than twelve days ago
IT Support
di
Yayasan Pendidikan Kristen Buah Hati
Baru untuk kamu
Ini adalah lowongan kerja Full time
Surabaya, Jawa Timur
Innovative school seeks tech-savvy IT pro to provide outstanding support and enhance user productivity.
12 hari yang lalu
Listed more than twenty nine days ago
IT Infrastructure & Security Staff
di
PT Pro Energi
Baru untuk kamu
Akan segera berakhir
Ini adalah lowongan kerja Full time
Jakarta Raya
BPJS, Health Insurance, Medical Funds
Income Tax Allowance
Meals Tax Allowance
mengembangkan infrastruktur IT perusahaan agar dapat mendukung operasional, serta berperan aktif dalam inisiatif strategis IT dan pengembangan sistem
29 hari yang lalu
Listed more than two days ago
IT Security & Support Officer
di
Medics8
Baru untuk kamu
Ini adalah lowongan kerja Kontrak
Tebet, Jakarta Raya
IT Security & Support Officer
2 hari yang lalu
Listed more than nineteen days ago
IT Support (Site) Group Leader
di
SAMORA GROUP
Baru untuk kamu
Ini adalah lowongan kerja Full time
Bekasi, Jawa Barat
Responsible for managing, maintaining, and troubleshooting company network, server, and IT infrastructure to ensure smooth operational support.
19 hari yang lalu
Listed more than twenty six days ago
IT Support Mobility
di
PT Sinergi Wahana Gemilang
Akan segera berakhir
Ini adalah lowongan kerja Full time
Jakarta Raya
Dicari seorang IT Support dengan pengalaman langsung dalam memegang Mobile Operating System.
26 hari yang lalu
Listed more than two days ago
IT Field Support Analyst
di
PT CBRE Consultancy Services
Baru untuk kamu
Ini adalah lowongan kerja Full time
Jakarta Raya
At CBRE Advisory Indonesia, you will coordinate the daily operations for a small to medium-sized location. This includes software, hardware, tape...
2 hari yang lalu
Listed more than twenty three days ago
IT Staff
di
PT Intergastra Nusantara
Akan segera berakhir
Ini adalah lowongan kerja Full time
Jakarta Raya
Kemungkinan Karyawan Tetap
BPJS Kesehatan & Ketenagakerjaan
Bonus Tahunan
Bergabunglah dengan tim IT kami yang dinamis! Kami tawarkan gaji kompetitif, tunjangan menarik, dan peluang pengembangan karier.
23 hari yang laluDilihat
Listed more than three days ago
IT System & Network Engineer (Sr. Staff)
di
Pengiklan Anonim
Baru untuk kamu
Ini adalah lowongan kerja Full time
Jakarta Pusat, Jakarta Raya
IT System & Network Engineer Sr. Staff Lokasi kerja: Jakarta Pusat
3 hari yang lalu
Listed more than three days ago
Staff IT Hardware
di
PT Erlimpex
Baru untuk kamu
Ini adalah lowongan kerja Full time
Semarang, Jawa Tengah
Minimal S1 Teknik Informatika Minimal memiliki pengalaman kerja selama 1 tahun di bidang yang sama
3 hari yang lalu
Listed more than two days ago
IT & Automation Intern
di
PT DCI Indonesia, Tbk
Baru untuk kamu
Ini adalah lowongan kerja Full time
Kabupaten Bekasi, Jawa Barat
Assist the IT & Automation team in daily Data Center operations, including monitoring servers, BMS (Building Management System) maintenance,,
2 hari yang lalu
Listed more than seventeen days ago
IT Support
di
PT LG ELectronics Indonesia
Baru untuk kamu
Ini adalah lowongan kerja Kontrak
Bekasi, Jawa Barat
Rp 5.500.000 – Rp 5.800.000 per month
Competitive Compensation & Benefit
Paid Overtime
Multinational Company Environment
IT Support will be support factory operations to minimizing system downtime and improving operational efficiency and ensure smooth performance.
17 hari yang lalu
Listed more than eight days ago
IT Operation
di
PT Kamoro Maxima Integra
Baru untuk kamu
Ini adalah lowongan kerja Full time
Gresik, Jawa Timur
Looking for IT Operation to work in Gresik with minimum experience 1 year
8 hari yang lalu
Listed more than twenty nine days ago
IT Support Network
di
PT TEKNOLOGI ANGKASA MAKMUR ABADI
Baru untuk kamu
Akan segera berakhir
Ini adalah lowongan kerja Full time
Jakarta Raya
Rp 6.000.000 – Rp 7.500.000 per month
Dibutuhkan tenaga IT Support Networking yang berpengalaman
29 hari yang lalu
Listed more than eighteen days ago
IT Support
di
PT. Berkat Maritim Abadi
Baru untuk kamu
Ini adalah lowongan kerja Full time
Barito Utara, Kalimantan Tengah
Rp 4.035.000 – Rp 5.000.000 per month
BPJS Kesehatan & Ketenagakerjaan
Lingkungan kerja yang berkembang
Pengembangan karir
PT Berkat Maritim Abadi berkomitmen untuk membangun budaya kerja yang didasarkan pada nilai-nilai integritas, inovasi, dan kolaborasi.
18 hari yang lalu
Listed more than two days ago
IT Support Supervisor
di
PT Navya Retail Indonesia
Ini adalah lowongan kerja Full time
Jakarta Selatan, Jakarta Raya
Rp 9.100.000 – Rp 13.600.000 per month
IT Support Supervisor is responsible for providing technical support and maintaining IT infrastructure and network connectivity across stores, HO & DC
2 hari yang lalu
Listed more than nineteen days ago
IT Support/Sevice
di
PT Pratama Graha Semesta
Ini adalah lowongan kerja Full time
Jakarta Utara, Jakarta Raya
Rp 5.500.000 – Rp 7.000.000 per month
Bergabung dengan tim IT dinamis. Paket kompensasi kompetitif, pengembangan karir, dan fleksibilitas kerja.
19 hari yang lalu
Listed more than eleven days ago
IT Staff
di
PT Mitra Angkutan Sejati
Ini adalah lowongan kerja Full time
Jakarta Utara, Jakarta Raya
BPJS Ketenagakerjaan
BPJS Kesehatan
THR
Bergabunglah dengan perusahaan transportasi terkemuka, dapatkan gaji kompetitif, asuransi kesehatan, dan peluang pengembangan karir yang luas.
11 hari yang lalu
Listed more than twenty two days ago
(AUS) Systems Administrator and IT Support
di
Niche Resources Group
Baru untuk kamu
Ini adalah lowongan kerja Full time
Denpasar, Bali
Rp 5,000,000 – Rp 7,500,000 per month
Microsoft 365: Exchange/Outlook, OneDrive/SharePoint, Teams, plus migrations
Manage comms systems: Yealink phones, hosted PBX, and WhatsApp Business
6-month initial contract with view to extend and go full-time with salary uplift
Bali-based IT Support and Systems Administrator supporting an Australian business. You will manage our Microsoft 365 environment end-to-end.
22 hari yang lalu
Listed more than twenty five days ago
Supervisor IT Infrastructure
di
PT Cita Mineral Investindo Tbk
Baru untuk kamu
Akan segera berakhir
Ini adalah lowongan kerja Kontrak
Jakarta Raya
IT Infrastructure
CCTV
VLAN
Mengelola, instalasi, konfigurasi, dan troubleshooting infrastruktur IT; monitoring & maintenance, siap dinas luar kota. HO Jakarta.
25 hari yang lalu
Listed more than one day ago
Network Engineer
di
PT PRIME AGRI RESOURCES Tbk
Baru untuk kamu
Ini adalah lowongan kerja Full time
Jakarta Selatan, Jakarta Raya
-
1 hari yang lalu
Listed more than eight days ago
Junior IT Application Staff
di
PT Honda Trading Indonesia
Ini adalah lowongan kerja Full time
Jakarta Pusat, Jakarta Raya(Hibrid)
Competitive Salary
Opprtunity for Self-growth
Hybrid Working
Provide application support and assist users in resolving system-related issues
8 hari yang lalu
Listed more than sixteen days ago
IT Staff (Semarang)
di
PT Fumira
Baru untuk kamu
Ini adalah lowongan kerja Full time
Semarang, Jawa Tengah
Career Growth & Leadership Opportunity
Continuous Improvement
Work with a Trusted Brand in the Building Materials Industry
Be part of a manufacturing company that prioritizes safety, compliance, and sustainability while offering opportunities for career growth.
16 hari yang lalu
Listed more than twenty eight days ago
Product IT Specialist
di
PT COBAS PERKAKAS JAYA
Baru untuk kamu
Akan segera berakhir
Ini adalah lowongan kerja Full time
Jakarta Barat, Jakarta Raya
Outing
Career Path
Competitive Salary
Memberikan dukungan presales IT, presentasi produk, analisis kebutuhan klien, serta rekomendasi solusi IT yang tepat.
28 hari yang lalu
Listed more than two days ago
IT Infrastructure
di
PT DATACELL INFOMEDIA (PAYDIA)
Ini adalah lowongan kerja Full time
Jakarta Pusat, Jakarta Raya
Join us as a IT Infrastructure Engineer to manage servers, CI/CD, security, and cloud systems while driving reliability and innovation.
2 hari yang laluDilihat
Listed more than ten days ago
IT SUPPORT
di
PT BOGA MAKMUR BERJAYA ABADI
Ini adalah lowongan kerja Full time
Jakarta Selatan, Jakarta Raya
Jenjang Karier di Perusahaan Growing
Kultur Kerja Kolaboratif
Andil dalam Ekspansi Besar
IT Support F&B: POS, CCTV, & manajemen aset. Pastikan outlet berjalan mulus tanpa kendala teknis
10 hari yang lalu
Listed more than twelve days ago
IT Support & Network Staff
di
Pengiklan Anonim
Ini adalah lowongan kerja Full time
Sumatera Selatan
Memahami instalasi OS dan instalasi Networking
12 hari yang lalu
Listed more than eleven days ago
IT TECHNICAL & SUPPORT SPECIALIST
di
PT CENTRIN AFATEC
Baru untuk kamu
Ini adalah lowongan kerja Full time
Jakarta Pusat, Jakarta Raya
Rp 5.730.000 – Rp 6.500.000 per month
Melaksanakan dan bertanggung jawab terhadap instalasi, support, dan training untuk produk Perusahaan sesuai dengan standar peraturan Perusahaan.
11 hari yang lalu
Listed more than ten days ago
IT Infrastruktur Staff
di
PT Jaya Wira Jerindo (Tribina Group)
Baru untuk kamu
Ini adalah lowongan kerja Full time
Jakarta Utara, Jakarta Raya
IT Infrastruktur Staff
10 hari yang lalu
Ubah pencarian saya
Seberapa relevan hasil pencarian Anda?
⁠Simpan pencarian ini
1
2
3
Selanjutnya
Kembali ke hasil pencarian
Ubah pencarian saya
IT Staff
PT. Prodia Utama
Lihat semua lowongan kerja
Jakarta Pusat, Jakarta Raya
Meja Bantuan & Dukungan IT (Teknologi Informasi & Komunikasi)
Full time
Diposting 2 hari yang lalu
•
Pelamar sangat banyak
Kamu telah mengirimkan lamaran pada 21 Feb 2026
Bagaimana Anda cocok
1 keterampilan dan kredensial cocok dengan profil Anda
Pemrograman Java
Tampilkan semua⁠
Job Descriptions
Assist daily IT support for end users (hardware, software, printer, email, and applications).
Troubleshoot desktop, laptop, and basic server issues.
Support and monitor network (LAN, WiFi, internet).
Install, configure, and maintain IT systems, software, and company website (basic).
Handle basic application issues and user complaints.
Assist in monitoring servers and handling downtime.
Support basic database checking.
Coordinate with vendors or internal teams when needed.
Document incidents, solutions, and IT activities.
Requirements
Bachelor’s Degree in IT or related field (Fresh Graduate are welcome to apply).
Basic knowledge of IT Helpdesk & IT Support.
Basic understanding of networking and Windows OS.
Basic understanding of software, database (SQL is a plus), and simple scripting.
Familiar with basic web or programming languages (PHP, Python, C#, Java, etc.) is an advantage.
Basic knowledge of hosting or VPS is a plus.
Able to work under pressure and meet deadlines.
Good communication skills and service-oriented mindset.

Pertanyaan dari perusahaan
Lamaran kamu akan mencakup pertanyaan-pertanyaan berikut:
Berapa gaji bulanan yang kamu inginkan?
Kualifikasi mana yang kamu miliki?
How many years' experience do you have as an Information Technology Staff?
Berapa tahun pengalaman kerjamu menggunakan query SQL?
Bahasa pemrograman apa saja di bawah ini yang bisa kamu gunakan?
Sistem Relational Database Management (RDBMS) apa saja yang bisa kamu gunakan?
Berapa tahun pengalaman kerjamu sebagai staf support?
Hati-hati
Jangan berikan detail bank atau kartu kredit kamu saat mengirimkan lamaran kerja.
Pelajari cara melindungi diri kamu
Laporkan iklan lowongan ini⁠
Temukan karier Anda di Saran Karier
Bergabunglah dengan jutaan pencari kerja di seluruh dunia menggunakan alat dan wawasan pembentukan karier kami.
Lakukan riset terkait gaji dan tren pekerjaan
Akses alat, templat, dan artikel gratis yang membantu Anda tampak lebih menonjol
Temukan jalur menuju beragam pilihan karier
Jelajahi Saran Karier
Kembali ke hasil pencarian
Ubah pencarian saya
Pencari kerja
Cari lowongan
Lihat profil
Cari profil
Pencarian tersimpan
Lowongan tersimpan
Lamaran kerja
Sumber daya karir
Jelajahi karier
Jelajahi gaji
Perusahaan
Komunitas
Unduh aplikasi
Perusahaan
Daftar gratis
Pasang iklan lowongan kerja
Produk & harga
Layanan pelanggan
Saran perekrutan
Wawasan pasar
Mitra perangkat lunak perekrutan
Tentang kami
Tentang kami
Ruang berita
Investor
Karir
Mitra internasional
Layanan mitra
Kontak
Pusat bantuan
Hubungi kami
Blog produk & teknologi
Media sosial
Indonesia
Persyaratan & ketentuan
Keamanan
Privasi
Hak cipta © 2026 Jobstreet
Flow JobStreet selesai. Berhasil: 0/1, skip-sudah-melamar: 1
