Membuka halaman JobStreet IT...
Total job terdeteksi: 32. Diproses: 1 job.
Proses job 1/1 (job-id=90469021)
Job ID 90469021: klik kartu loker...
Job ID 90469021: detail sebelum klik Lamaran Cepat
  - Judul      : IT Support Supervisor
  - Perusahaan : Siloam Hospitals Group (Tbk)
  - Lokasi     : Karawaci, Banten
  - Apply URL  : https://id.jobstreet.com/id/job/90469021/apply?sol=9bfe29e8f848885dce9c6e99191409119818ba33
  - URL apply? : YA
Job ID 90469021: klik 'Lamaran Cepat'...
Job ID 90469021: target klik Lamaran Cepat (attempt=1)
  - tag       : a
  - text      : Lamaran Cepat
  - aria-label: Kirim lamaran sebagai IT Support Supervisor di Siloam Hospitals Group (Tbk)
  - href      : https://id.jobstreet.com/id/job/90469021/apply?sol=9bfe29e8f848885dce9c6e99191409119818ba33
  - outerHTML : <a href="/id/job/90469021/apply?sol=9bfe29e8f848885dce9c6e99191409119818ba33" class="n98m2w0 n98m2wg n98m2w8  n98m2w0 _1f90a1x5 _1f90a1x59 _1f90a1xp _1f90a1x65 _1f90a1xh u8mdno0" data-automation="job-detail-apply" aria-l...
Job ID 90469021: klik 'Lamaran Cepat' percobaan 1 belum masuk /apply.
Job ID 90469021: target klik Lamaran Cepat (attempt=2)
  - tag       : a
  - text      : Lamaran Cepat
  - aria-label: Kirim lamaran sebagai IT Support Supervisor di Siloam Hospitals Group (Tbk)
  - href      : https://id.jobstreet.com/id/job/90469021/apply?sol=9bfe29e8f848885dce9c6e99191409119818ba33
  - outerHTML : <a href="/id/job/90469021/apply?sol=9bfe29e8f848885dce9c6e99191409119818ba33" class="n98m2w0 n98m2wg n98m2w8  n98m2w0 _1f90a1x5 _1f90a1x59 _1f90a1xp _1f90a1x65 _1f90a1xh u8mdno0" data-automation="job-detail-apply" aria-l...
Job ID 90469021: klik 'Lamaran Cepat' percobaan 2 belum masuk /apply.
Job ID 90469021: target klik Lamaran Cepat (attempt=3)
  - tag       : a
  - text      : Lamaran Cepat
  - aria-label: Kirim lamaran sebagai IT Support Supervisor di Siloam Hospitals Group (Tbk)
  - href      : https://id.jobstreet.com/id/job/90469021/apply?sol=9bfe29e8f848885dce9c6e99191409119818ba33
  - outerHTML : <a href="/id/job/90469021/apply?sol=9bfe29e8f848885dce9c6e99191409119818ba33" class="n98m2w0 n98m2wg n98m2w8  n98m2w0 _1f90a1x5 _1f90a1x59 _1f90a1xp _1f90a1x65 _1f90a1xh u8mdno0" data-automation="job-detail-apply" aria-l...
Job ID 90469021: pindah ke halaman apply -> https://id.jobstreet.com/id/job/90469021/apply?sol=9bfe29e8f848885dce9c6e99191409119818ba33
Job ID 90469021: pilih tanpa surat lamaran...
Job ID 90469021: klik 'Lanjut'...
Job ID 90469021: masuk halaman role requirements, mulai isi form...
Role requirements ronde-1: isi radio=0, dropdown=1, error-section=0
Role requirements ronde-2: isi radio=0, dropdown=1, error-section=10
Role requirements ronde-3: isi radio=0, dropdown=1, error-section=10
Role requirements ronde-4: isi radio=0, dropdown=1, error-section=10
Role requirements ronde-5: isi radio=0, dropdown=1, error-section=10
