Membuka halaman JobStreet IT...
Total job terdeteksi: 32. Target proses: 1 job (skip tidak dihitung).
Proses job 1/32 (job-id=90432244)
Job ID 90432244: klik kartu loker...
Job ID 90432244: skip, sudah pernah melamar -> Kamu telah mengirimkan lamaran pada 21 Feb 2026
Proses job 2/32 (job-id=90467782)
Job ID 90467782: klik kartu loker...
Job ID 90467782: detail sebelum klik Lamaran Cepat
  - Judul      : IT Supervisor
  - Perusahaan : Pengiklan Anonim
  - Lokasi     : Jakarta Selatan, Jakarta Raya
  - Apply URL  : https://id.jobstreet.com/id/job/90467782/apply?sol=ec6c644cb4a59ab5f61f8d8b08f6dfe6650b65ff
  - URL apply? : YA
Job ID 90467782: target klik Lamaran Cepat (attempt=1)
  - tag       : a
  - text      : Lamaran Cepat
  - aria-label: Kirim lamaran sebagai IT Supervisor di Pengiklan Anonim
  - href      : https://id.jobstreet.com/id/job/90467782/apply?sol=ec6c644cb4a59ab5f61f8d8b08f6dfe6650b65ff
  - outerHTML : <a href="/id/job/90467782/apply?sol=ec6c644cb4a59ab5f61f8d8b08f6dfe6650b65ff" class="n98m2w0 n98m2wg n98m2w8  n98m2w0 _1f90a1x5 _1f90a1x59 _1f90a1xp _1f90a1x65 _1f90a1xh u8mdno0" data-automation="job-detail-apply" aria-l...
Job ID 90467782: href Lamaran Cepat -> https://id.jobstreet.com/id/job/90467782/apply?sol=ec6c644cb4a59ab5f61f8d8b08f6dfe6650b65ff
Job ID 90467782: buka link apply dari href...
Job ID 90467782: pindah ke halaman apply -> https://id.jobstreet.com/id/job/90467782/apply?sol=ec6c644cb4a59ab5f61f8d8b08f6dfe6650b65ff
Job ID 90467782: pilih tanpa surat lamaran...
Job ID 90467782: klik 'Lanjut'...
Job ID 90467782: masuk halaman role requirements, mulai isi form...
Role requirements ronde-1: isi radio=0, dropdown=1, error-section=0
Error panel terdeteksi setelah klik 'Lanjut':
  - How many years' experience do you have as an Information Technology Supervisor? - Silakan buat seleksi
  - Are you available to travel for this role when required? - Silakan buat seleksi
  - Are you available to work outside your usual hours when required? (e.g. weekends, evenings, public holidays) - Silakan buat seleksi
Job ID 90467782: gagal, name 'driver' is not defined
Target 1 job non-skip sudah tercapai.
Flow JobStreet selesai. Berhasil: 0, gagal: 1, skip-sudah-melamar: 1, total-job-page1: 32
