Membuka halaman JobStreet IT...
Total job terdeteksi: 32. Target proses: 1 job (skip tidak dihitung).
Proses job 1/32 (job-id=90431810)
Job ID 90431810: klik kartu loker...
Job ID 90431810: detail sebelum klik Lamaran Cepat
  - Judul      : IT Support Supervisor
  - Perusahaan : PT Navya Retail Indonesia
  - Lokasi     : Jakarta Selatan, Jakarta Raya
  - Apply URL  : https://id.jobstreet.com/id/job/90431810/apply?sol=973383423e0a485f3a66a2f403b46c304dfe6950
  - URL apply? : YA
Job ID 90431810: target klik Lamaran Cepat (attempt=1)
  - tag       : a
  - text      : Lamaran Cepat
  - aria-label: Kirim lamaran sebagai IT Support Supervisor di PT Navya Retail Indonesia
  - href      : https://id.jobstreet.com/id/job/90431810/apply?sol=973383423e0a485f3a66a2f403b46c304dfe6950
  - outerHTML : <a href="/id/job/90431810/apply?sol=973383423e0a485f3a66a2f403b46c304dfe6950" class="n98m2w0 n98m2wg n98m2w8  n98m2w0 _1f90a1x5 _1f90a1x59 _1f90a1xp _1f90a1x65 _1f90a1xh u8mdno0" data-automation="job-detail-apply" aria-l...
Job ID 90431810: href Lamaran Cepat -> https://id.jobstreet.com/id/job/90431810/apply?sol=973383423e0a485f3a66a2f403b46c304dfe6950
Job ID 90431810: buka link apply dari href...
Job ID 90431810: pindah ke halaman apply -> https://id.jobstreet.com/id/job/90431810/apply?sol=973383423e0a485f3a66a2f403b46c304dfe6950
Job ID 90431810: pilih tanpa surat lamaran...
Job ID 90431810: klik 'Lanjut'...
Job ID 90431810: masuk halaman role requirements, mulai isi form...
Native select: pilih opsi preferensi 2 years/2 tahun.
Role requirements ronde-1: isi radio=0, dropdown=1, error-section=0
[92mSemua pertanyaan terisi, tidak ada error panel.[0m
Role requirements selesai, pindah ke URL: https://id.jobstreet.com/id/job/90431810/apply/profile?sol=973383423e0a485f3a66a2f403b46c304dfe6950
Target 1 job non-skip sudah tercapai.
Flow JobStreet selesai. Berhasil: 1, gagal: 0, skip-sudah-melamar: 0, total-job-page1: 32
