Membuka halaman JobStreet IT...
Total job terdeteksi: 32. Diproses: 1 job.
Proses job 1/1 (job-id=90471103)
Job ID 90471103: klik kartu loker...
Job ID 90471103: detail sebelum klik Lamaran Cepat
  - Judul      : IT CORE DEVELOPMENT STAFF
  - Perusahaan : Boga Group
  - Lokasi     : Tangerang, Banten
  - Apply URL  : https://id.jobstreet.com/id/job/90471103/apply?sol=c9fcdd26b05c2d02a4316777c134bf2bfbbac0ff
  - URL apply? : YA
Job ID 90471103: target klik Lamaran Cepat (attempt=1)
  - tag       : a
  - text      : Lamaran Cepat
  - aria-label: Kirim lamaran sebagai IT CORE DEVELOPMENT STAFF di Boga Group
  - href      : https://id.jobstreet.com/id/job/90471103/apply?sol=c9fcdd26b05c2d02a4316777c134bf2bfbbac0ff
  - outerHTML : <a href="/id/job/90471103/apply?sol=c9fcdd26b05c2d02a4316777c134bf2bfbbac0ff" class="n98m2w0 n98m2wg n98m2w8  n98m2w0 _1f90a1x5 _1f90a1x59 _1f90a1xp _1f90a1x65 _1f90a1xh u8mdno0" data-automation="job-detail-apply" aria-l...
Job ID 90471103: href Lamaran Cepat -> https://id.jobstreet.com/id/job/90471103/apply?sol=c9fcdd26b05c2d02a4316777c134bf2bfbbac0ff
Job ID 90471103: buka link apply dari href...
Job ID 90471103: pindah ke halaman apply -> https://id.jobstreet.com/id/job/90471103/apply?sol=c9fcdd26b05c2d02a4316777c134bf2bfbbac0ff
Job ID 90471103: pilih tanpa surat lamaran...
Job ID 90471103: klik 'Lanjut'...
Job ID 90471103: masuk halaman role requirements, mulai isi form...
Role requirements ronde-1: isi radio=0, dropdown=1, error-section=0
Error panel terdeteksi setelah klik 'Lanjut':
  - How many years' experience do you have as a Development Staff? - Silakan buat seleksi
  - Bagaimana kamu menilai kemampuan bahasa Inggrismu? - Silakan buat seleksi
  - Apakah kamu memiliki pengalaman technical writing? (mis. petunjuk penggunaan, manual produk untuk pengguna, dokumen spesifikasi teknis) - Silakan buat seleksi
Native select: pilih opsi preferensi '2 years'.
Native select: pilih opsi preferensi '2 years'.
Role requirements ronde-2: isi radio=0, dropdown=1, error-section=5
Error panel terdeteksi setelah klik 'Lanjut':
  - How many years' experience do you have as a Development Staff? - Silakan buat seleksi
  - Apakah kamu memiliki pengalaman technical writing? (mis. petunjuk penggunaan, manual produk untuk pengguna, dokumen spesifikasi teknis) - Silakan buat seleksi
Native select: pilih opsi preferensi '2 years'.
Native select: pilih opsi preferensi '2 years'.
Role requirements ronde-3: isi radio=0, dropdown=1, error-section=4
Error panel terdeteksi setelah klik 'Lanjut':
  - How many years' experience do you have as a Development Staff? - Silakan buat seleksi
  - Apakah kamu memiliki pengalaman technical writing? (mis. petunjuk penggunaan, manual produk untuk pengguna, dokumen spesifikasi teknis) - Silakan buat seleksi
Native select: pilih opsi preferensi '2 years'.
Native select: pilih opsi preferensi '2 years'.
Role requirements ronde-4: isi radio=0, dropdown=1, error-section=4
Error panel terdeteksi setelah klik 'Lanjut':
  - How many years' experience do you have as a Development Staff? - Silakan buat seleksi
  - Apakah kamu memiliki pengalaman technical writing? (mis. petunjuk penggunaan, manual produk untuk pengguna, dokumen spesifikasi teknis) - Silakan buat seleksi
Native select: pilih opsi preferensi '2 years'.
Native select: pilih opsi preferensi '2 years'.
Role requirements ronde-5: isi radio=0, dropdown=1, error-section=4
Error panel terdeteksi setelah klik 'Lanjut':
  - How many years' experience do you have as a Development Staff? - Silakan buat seleksi
  - Apakah kamu memiliki pengalaman technical writing? (mis. petunjuk penggunaan, manual produk untuk pengguna, dokumen spesifikasi teknis) - Silakan buat seleksi
Job ID 90471103: form role requirements belum selesai terisi.
Flow JobStreet selesai. Berhasil: 0/1, skip-sudah-melamar: 0
